<?xml version="1.0" encoding="UTF-8"?>
<!-- Generated by org.testng.reporters.JUnitXMLReporter -->
<testsuite hostname="RCAS002" ignored="0" name="SanityTest Cases" tests="6" failures="1" timestamp="18 Oct 2019 06:46:09 GMT" time="296.845" errors="0">
  <testcase name="loginPageTitleTest" time="0.016" classname="com.skyweb.qa.testcases.LoginPageTest"/>
  <testcase name="CreateOnGeofencesTest" time="35.334" classname="com.skyweb.qa.testcases.GeofencesPageTest"/>
  <testcase name="VerifyGeofenceNotificationPageTest" time="29.755" classname="com.skyweb.qa.testcases.GeofenceNotificationPageTest"/>
  <testcase name="verifyAdminPageTitleTest" time="0.005" classname="com.skyweb.qa.testcases.AdminPageTest">
    <failure type="java.lang.AssertionError" message="admin page tittle not matched expected [Admini] but found [Administration]">
      <![CDATA[java.lang.AssertionError: admin page tittle not matched expected [Admini] but found [Administration]
at com.skyweb.qa.testcases.AdminPageTest.verifyAdminPageTitleTest(AdminPageTest.java:31)
... Removed 30 stack frames]]>
    </failure>
  </testcase> <!-- verifyAdminPageTitleTest -->
  <testcase name="ClickOnGeofencesTest" time="0.05" classname="com.skyweb.qa.testcases.AdminPageTest"/>
  <testcase name="ClickOnGeofenceNotificationTest" time="4.303" classname="com.skyweb.qa.testcases.AdminPageTest"/>
</testsuite> <!-- SanityTest Cases -->
