<?xml version="1.0" encoding="UTF-8"?>
<!-- Generated by org.testng.reporters.JUnitXMLReporter -->
<testsuite hostname="RCAS002" ignored="0" name="Default test" tests="3" failures="0" timestamp="18 Oct 2019 06:29:32 GMT" time="101.952" errors="0">
  <testcase name="verifyAdminPageTitleTest" time="0.022" classname="com.skyweb.qa.testcases.AdminPageTest"/>
  <testcase name="ClickOnGeofencesTest" time="0.061" classname="com.skyweb.qa.testcases.AdminPageTest"/>
  <testcase name="ClickOnGeofenceNotificationTest" time="4.403" classname="com.skyweb.qa.testcases.AdminPageTest"/>
</testsuite> <!-- Default test -->
