<?xml version="1.0" encoding="UTF-8"?>
<testng-results skipped="0" failed="1" ignored="0" total="6" passed="5">
  <reporter-output>
  </reporter-output>
  <suite name="TestAutomationSuit" duration-ms="296845" started-at="2019-10-18T06:41:12Z" finished-at="2019-10-18T06:46:09Z">
    <groups>
    </groups>
    <test name="SanityTest Cases" duration-ms="296845" started-at="2019-10-18T06:41:12Z" finished-at="2019-10-18T06:46:09Z">
      <class name="com.skyweb.qa.testcases.GeofenceNotificationPageTest">
        <test-method status="PASS" signature="setUp()[pri:0, instance:com.skyweb.qa.testcases.GeofenceNotificationPageTest@31ef45e3]" name="setUp" is-config="true" duration-ms="34067" started-at="2019-10-18T06:42:57Z" finished-at="2019-10-18T06:43:31Z">
          <reporter-output>
          </reporter-output>
        </test-method> <!-- setUp -->
        <test-method status="PASS" signature="VerifyGeofenceNotificationPageTest()[pri:1, instance:com.skyweb.qa.testcases.GeofenceNotificationPageTest@31ef45e3]" name="VerifyGeofenceNotificationPageTest" duration-ms="29755" started-at="2019-10-18T06:43:31Z" finished-at="2019-10-18T06:44:01Z">
          <reporter-output>
          </reporter-output>
        </test-method> <!-- VerifyGeofenceNotificationPageTest -->
        <test-method status="PASS" signature="tearDown()[pri:0, instance:com.skyweb.qa.testcases.GeofenceNotificationPageTest@31ef45e3]" name="tearDown" is-config="true" duration-ms="5533" started-at="2019-10-18T06:44:01Z" finished-at="2019-10-18T06:44:06Z">
          <reporter-output>
          </reporter-output>
        </test-method> <!-- tearDown -->
      </class> <!-- com.skyweb.qa.testcases.GeofenceNotificationPageTest -->
      <class name="com.skyweb.qa.testcases.LoginPageTest">
        <test-method status="PASS" signature="setUp()[pri:0, instance:com.skyweb.qa.testcases.LoginPageTest@3abbfa04]" name="setUp" is-config="true" duration-ms="19601" started-at="2019-10-18T06:41:12Z" finished-at="2019-10-18T06:41:32Z">
          <reporter-output>
          </reporter-output>
        </test-method> <!-- setUp -->
        <test-method status="PASS" signature="loginPageTitleTest()[pri:1, instance:com.skyweb.qa.testcases.LoginPageTest@3abbfa04]" name="loginPageTitleTest" duration-ms="16" started-at="2019-10-18T06:41:32Z" finished-at="2019-10-18T06:41:32Z">
          <reporter-output>
          </reporter-output>
        </test-method> <!-- loginPageTitleTest -->
        <test-method status="PASS" signature="tearDown()[pri:0, instance:com.skyweb.qa.testcases.LoginPageTest@3abbfa04]" name="tearDown" is-config="true" duration-ms="611" started-at="2019-10-18T06:41:32Z" finished-at="2019-10-18T06:41:33Z">
          <reporter-output>
          </reporter-output>
        </test-method> <!-- tearDown -->
      </class> <!-- com.skyweb.qa.testcases.LoginPageTest -->
      <class name="com.skyweb.qa.testcases.GeofencesPageTest">
        <test-method status="PASS" signature="setUp()[pri:0, instance:com.skyweb.qa.testcases.GeofencesPageTest@57fffcd7]" name="setUp" is-config="true" duration-ms="43637" started-at="2019-10-18T06:41:33Z" finished-at="2019-10-18T06:42:16Z">
          <reporter-output>
          </reporter-output>
        </test-method> <!-- setUp -->
        <test-method status="PASS" signature="CreateOnGeofencesTest()[pri:1, instance:com.skyweb.qa.testcases.GeofencesPageTest@57fffcd7]" name="CreateOnGeofencesTest" duration-ms="35334" started-at="2019-10-18T06:42:16Z" finished-at="2019-10-18T06:42:52Z">
          <reporter-output>
          </reporter-output>
        </test-method> <!-- CreateOnGeofencesTest -->
        <test-method status="PASS" signature="tearDown()[pri:0, instance:com.skyweb.qa.testcases.GeofencesPageTest@57fffcd7]" name="tearDown" is-config="true" duration-ms="5265" started-at="2019-10-18T06:42:52Z" finished-at="2019-10-18T06:42:57Z">
          <reporter-output>
          </reporter-output>
        </test-method> <!-- tearDown -->
      </class> <!-- com.skyweb.qa.testcases.GeofencesPageTest -->
      <class name="com.skyweb.qa.testcases.AdminPageTest">
        <test-method status="PASS" signature="setUp()[pri:0, instance:com.skyweb.qa.testcases.AdminPageTest@598067a5]" name="setUp" is-config="true" duration-ms="33388" started-at="2019-10-18T06:44:06Z" finished-at="2019-10-18T06:44:40Z">
          <reporter-output>
          </reporter-output>
        </test-method> <!-- setUp -->
        <test-method status="FAIL" signature="verifyAdminPageTitleTest()[pri:1, instance:com.skyweb.qa.testcases.AdminPageTest@598067a5]" name="verifyAdminPageTitleTest" duration-ms="5" started-at="2019-10-18T06:44:40Z" finished-at="2019-10-18T06:44:40Z">
          <exception class="java.lang.AssertionError">
            <message>
              <![CDATA[admin page tittle not matched expected [Admini] but found [Administration]]]>
            </message>
            <full-stacktrace>
              <![CDATA[java.lang.AssertionError: admin page tittle not matched expected [Admini] but found [Administration]
at org.testng.Assert.fail(Assert.java:96)
at org.testng.Assert.failNotEquals(Assert.java:776)
at org.testng.Assert.assertEqualsImpl(Assert.java:137)
at org.testng.Assert.assertEquals(Assert.java:118)
at org.testng.Assert.assertEquals(Assert.java:453)
at com.skyweb.qa.testcases.AdminPageTest.verifyAdminPageTitleTest(AdminPageTest.java:31)
at sun.reflect.NativeMethodAccessorImpl.invoke0(Native Method)
at sun.reflect.NativeMethodAccessorImpl.invoke(Unknown Source)
at sun.reflect.DelegatingMethodAccessorImpl.invoke(Unknown Source)
at java.lang.reflect.Method.invoke(Unknown Source)
at org.testng.internal.MethodInvocationHelper.invokeMethod(MethodInvocationHelper.java:124)
at org.testng.internal.Invoker.invokeMethod(Invoker.java:583)
at org.testng.internal.Invoker.invokeTestMethod(Invoker.java:719)
at org.testng.internal.Invoker.invokeTestMethods(Invoker.java:989)
at org.testng.internal.TestMethodWorker.invokeTestMethods(TestMethodWorker.java:125)
at org.testng.internal.TestMethodWorker.run(TestMethodWorker.java:109)
at org.testng.TestRunner.privateRun(TestRunner.java:648)
at org.testng.TestRunner.run(TestRunner.java:505)
at org.testng.SuiteRunner.runTest(SuiteRunner.java:455)
at org.testng.SuiteRunner.runSequentially(SuiteRunner.java:450)
at org.testng.SuiteRunner.privateRun(SuiteRunner.java:415)
at org.testng.SuiteRunner.run(SuiteRunner.java:364)
at org.testng.SuiteRunnerWorker.runSuite(SuiteRunnerWorker.java:52)
at org.testng.SuiteRunnerWorker.run(SuiteRunnerWorker.java:84)
at org.testng.TestNG.runSuitesSequentially(TestNG.java:1208)
at org.testng.TestNG.runSuitesLocally(TestNG.java:1137)
at org.testng.TestNG.runSuites(TestNG.java:1049)
at org.testng.TestNG.run(TestNG.java:1017)
at org.testng.remote.AbstractRemoteTestNG.run(AbstractRemoteTestNG.java:115)
at org.testng.remote.RemoteTestNG.initAndRun(RemoteTestNG.java:251)
at org.testng.remote.RemoteTestNG.main(RemoteTestNG.java:77)
]]>
            </full-stacktrace>
          </exception> <!-- java.lang.AssertionError -->
          <reporter-output>
          </reporter-output>
        </test-method> <!-- verifyAdminPageTitleTest -->
        <test-method status="PASS" signature="tearDown()[pri:0, instance:com.skyweb.qa.testcases.AdminPageTest@598067a5]" name="tearDown" is-config="true" duration-ms="6110" started-at="2019-10-18T06:44:40Z" finished-at="2019-10-18T06:44:46Z">
          <reporter-output>
          </reporter-output>
        </test-method> <!-- tearDown -->
        <test-method status="PASS" signature="setUp()[pri:0, instance:com.skyweb.qa.testcases.AdminPageTest@598067a5]" name="setUp" is-config="true" duration-ms="32970" started-at="2019-10-18T06:44:46Z" finished-at="2019-10-18T06:45:19Z">
          <reporter-output>
          </reporter-output>
        </test-method> <!-- setUp -->
        <test-method status="PASS" signature="ClickOnGeofencesTest()[pri:2, instance:com.skyweb.qa.testcases.AdminPageTest@598067a5]" name="ClickOnGeofencesTest" duration-ms="50" started-at="2019-10-18T06:45:19Z" finished-at="2019-10-18T06:45:19Z">
          <reporter-output>
          </reporter-output>
        </test-method> <!-- ClickOnGeofencesTest -->
        <test-method status="PASS" signature="tearDown()[pri:0, instance:com.skyweb.qa.testcases.AdminPageTest@598067a5]" name="tearDown" is-config="true" duration-ms="8401" started-at="2019-10-18T06:45:19Z" finished-at="2019-10-18T06:45:27Z">
          <reporter-output>
          </reporter-output>
        </test-method> <!-- tearDown -->
        <test-method status="PASS" signature="setUp()[pri:0, instance:com.skyweb.qa.testcases.AdminPageTest@598067a5]" name="setUp" is-config="true" duration-ms="31901" started-at="2019-10-18T06:45:27Z" finished-at="2019-10-18T06:45:59Z">
          <reporter-output>
          </reporter-output>
        </test-method> <!-- setUp -->
        <test-method status="PASS" signature="ClickOnGeofenceNotificationTest()[pri:3, instance:com.skyweb.qa.testcases.AdminPageTest@598067a5]" name="ClickOnGeofenceNotificationTest" duration-ms="4303" started-at="2019-10-18T06:45:59Z" finished-at="2019-10-18T06:46:03Z">
          <reporter-output>
          </reporter-output>
        </test-method> <!-- ClickOnGeofenceNotificationTest -->
        <test-method status="PASS" signature="tearDown()[pri:0, instance:com.skyweb.qa.testcases.AdminPageTest@598067a5]" name="tearDown" is-config="true" duration-ms="5877" started-at="2019-10-18T06:46:03Z" finished-at="2019-10-18T06:46:09Z">
          <reporter-output>
          </reporter-output>
        </test-method> <!-- tearDown -->
      </class> <!-- com.skyweb.qa.testcases.AdminPageTest -->
    </test> <!-- SanityTest Cases -->
  </suite> <!-- TestAutomationSuit -->
</testng-results>
